<?xml version="1.0" encoding="UTF-8"?>
<!-- Generated by org.testng.reporters.JUnitReportReporter -->
<testsuite hostname="DSNPVT" failures="0" tests="1" name="com.engage.tests.RegisterTest" time="30.374" errors="0" timestamp="2023-12-31T14:53:19 IST" skipped="0">
  <testcase classname="com.engage.tests.RegisterTest" name="MyRegisterTest" time="30.374"/>
  <system-out/>
</testsuite> <!-- com.engage.tests.RegisterTest -->
